WARNING: A restricted method in java.lang.System has been called
WARNING: java.lang.System::load has been called by org.fusesource.jansi.internal.JansiLoader in an unnamed module (file:/opt/homebrew/Cellar/maven/3.9.9/libexec/lib/jansi-2.4.1.jar)
WARNING: Use --enable-native-access=ALL-UNNAMED to avoid a warning for callers in this module
WARNING: Restricted methods will be blocked in a future release unless native access is enabled

WARNING: A terminally deprecated method in sun.misc.Unsafe has been called
WARNING: sun.misc.Unsafe::objectFieldOffset has been called by com.google.common.util.concurrent.AbstractFuture$UnsafeAtomicHelper (file:/opt/homebrew/Cellar/maven/3.9.9/libexec/lib/guava-33.2.1-jre.jar)
WARNING: Please consider reporting this to the maintainers of class com.google.common.util.concurrent.AbstractFuture$UnsafeAtomicHelper
WARNING: sun.misc.Unsafe::objectFieldOffset will be removed in a future release
[INFO] Scanning for projects...
[WARNING] 
[WARNING] Some problems were encountered while building the effective model for com.example:llama-chat-service:jar:1.0.0
[WARNING] 'dependencies.dependency.(groupId:artifactId:type:classifier)' must be unique: org.springframework.boot:spring-boot-starter-webflux:jar -> duplicate declaration of version (?) @ line 61, column 21
[WARNING] 
[WARNING] It is highly recommended to fix these problems because they threaten the stability of your build.
[WARNING] 
[WARNING] For this reason, future Maven versions might no longer support building such malformed projects.
[WARNING] 
[INFO] 
[INFO] -------------------< com.example:llama-chat-service >-------------------
[INFO] Building Llama Chat Service 1.0.0
[INFO]   from pom.xml
[INFO] --------------------------------[ jar ]---------------------------------
[INFO] 
[INFO] >>> spring-boot:3.2.0:run (default-cli) > test-compile @ llama-chat-service >>>
[INFO] 
[INFO] --- resources:3.3.1:resources (default-resources) @ llama-chat-service ---
[INFO] Copying 1 resource from src/main/resources to target/classes
[INFO] Copying 0 resource from src/main/resources to target/classes
[INFO] 
[INFO] --- compiler:3.11.0:compile (default-compile) @ llama-chat-service ---
[INFO] Changes detected - recompiling the module! :source
[INFO] Compiling 12 source files with javac [debug release 17] to target/classes
[INFO] /Users/chris/code/warp_experiments/mindmap/java_mcp_streaming/chat-service/src/main/java/com/example/chatservice/service/OllamaService.java: /Users/chris/code/warp_experiments/mindmap/java_mcp_streaming/chat-service/src/main/java/com/example/chatservice/service/OllamaService.java uses unchecked or unsafe operations.
[INFO] /Users/chris/code/warp_experiments/mindmap/java_mcp_streaming/chat-service/src/main/java/com/example/chatservice/service/OllamaService.java: Recompile with -Xlint:unchecked for details.
[INFO] -------------------------------------------------------------
[ERROR] COMPILATION ERROR : 
[INFO] -------------------------------------------------------------
[ERROR] /Users/chris/code/warp_experiments/mindmap/java_mcp_streaming/chat-service/src/main/java/com/example/chatservice/controller/ChatController.java:[15,24] package javax.validation does not exist
[ERROR] /Users/chris/code/warp_experiments/mindmap/java_mcp_streaming/chat-service/src/main/java/com/example/chatservice/model/ChatRequest.java:[4,36] package javax.validation.constraints does not exist
[ERROR] /Users/chris/code/warp_experiments/mindmap/java_mcp_streaming/chat-service/src/main/java/com/example/chatservice/controller/ChatController.java:[37,60] cannot find symbol
  symbol:   class Valid
  location: class com.example.chatservice.controller.ChatController
[ERROR] /Users/chris/code/warp_experiments/mindmap/java_mcp_streaming/chat-service/src/main/java/com/example/chatservice/model/ChatRequest.java:[8,6] cannot find symbol
  symbol:   class NotBlank
  location: class com.example.chatservice.model.ChatRequest
[INFO] 4 errors 
[INFO] -------------------------------------------------------------
[INFO] ------------------------------------------------------------------------
[INFO] BUILD FAILURE
[INFO] ------------------------------------------------------------------------
[INFO] Total time:  0.872 s
[INFO] Finished at: 2025-09-17T21:43:20-07:00
[INFO] ------------------------------------------------------------------------
[ERROR] Failed to execute goal org.apache.maven.plugins:maven-compiler-plugin:3.11.0:compile (default-compile) on project llama-chat-service: Compilation failure: Compilation failure: 
[ERROR] /Users/chris/code/warp_experiments/mindmap/java_mcp_streaming/chat-service/src/main/java/com/example/chatservice/controller/ChatController.java:[15,24] package javax.validation does not exist
[ERROR] /Users/chris/code/warp_experiments/mindmap/java_mcp_streaming/chat-service/src/main/java/com/example/chatservice/model/ChatRequest.java:[4,36] package javax.validation.constraints does not exist
[ERROR] /Users/chris/code/warp_experiments/mindmap/java_mcp_streaming/chat-service/src/main/java/com/example/chatservice/controller/ChatController.java:[37,60] cannot find symbol
[ERROR]   symbol:   class Valid
[ERROR]   location: class com.example.chatservice.controller.ChatController
[ERROR] /Users/chris/code/warp_experiments/mindmap/java_mcp_streaming/chat-service/src/main/java/com/example/chatservice/model/ChatRequest.java:[8,6] cannot find symbol
[ERROR]   symbol:   class NotBlank
[ERROR]   location: class com.example.chatservice.model.ChatRequest
[ERROR] -> [Help 1]
[ERROR] 
[ERROR] To see the full stack trace of the errors, re-run Maven with the -e switch.
[ERROR] Re-run Maven using the -X switch to enable full debug logging.
[ERROR] 
[ERROR] For more information about the errors and possible solutions, please read the following articles:
[ERROR] [Help 1] http://cwiki.apache.org/confluence/display/MAVEN/MojoFailureException
